1.50929 2.27796 2.27796
1.50158 2.2548 2.25474
1.50658 2.26988 2.26979
1.51019 2.28079 2.28069
1.49945 2.2489 2.24836
1.50606 2.26889 2.26822
1.49478 2.2357 2.23435
1.48105 2.196 2.1935
1.49142 2.2274 2.22432
1.48687 2.21375 2.2108
1.491 2.22595 2.22309
1.48387 2.20504 2.20186
1.48814 2.21772 2.21457
1.48527 2.20906 2.20602
1.48115 2.19688 2.19381
1.48168 2.19826 2.19538
1.47765 2.18641 2.18344
1.48037 2.19443 2.1915
1.48101 2.19617 2.19338
1.48247 2.2004 2.19771
1.48182 2.19836 2.19579
1.48137 2.19692 2.19446
1.47958 2.19157 2.18915
1.48311 2.20223 2.19962
1.48189 2.19853 2.19599
1.48339 2.20295 2.20045
1.48584 2.21029 2.20773
1.48554 2.20931 2.20683
1.48598 2.21052 2.20812
1.48543 2.20883 2.20651
1.48533 2.20845 2.2062
1.48696 2.2133 2.21104
1.48703 2.21344 2.21125
1.48719 2.21385 2.21172
1.48749 2.2147 2.21263
1.48783 2.21565 2.21364
1.48887 2.21873 2.21673
1.49041 2.22337 2.22133
1.491 2.22509 2.22309
1.49091 2.22475 2.2228
1.49224 2.22875 2.22678
1.49184 2.22751 2.22558
1.49246 2.22935 2.22745
1.49235 2.22898 2.22712
1.49348 2.23236 2.23049
1.49358 2.23263 2.23079
1.49461 2.23569 2.23385
1.49494 2.23666 2.23485
1.49554 2.23844 2.23665
1.49569 2.23884 2.23709
1.49622 2.24042 2.23868
1.49585 2.23927 2.23756
1.49638 2.24086 2.23916
1.49622 2.24032 2.23866
1.49656 2.24133 2.23969
1.49739 2.24382 2.24217
1.49849 2.24716 2.24547
1.49976 2.25104 2.24929
1.49923 2.24944 2.2477
1.50071 2.25396 2.25213
1.50051 2.25333 2.25153
1.50074 2.254 2.25221
1.50173 2.25699 2.25518
1.50064 2.25379 2.25193
1.50069 2.25391 2.25208
1.50065 2.25374 2.25194
1.50052 2.25333 2.25156
1.49991 2.25151 2.24974
1.50143 2.25618 2.25428
1.50084 2.25441 2.25251
1.50063 2.25377 2.25189
1.49992 2.25165 2.24977
1.4989 2.24863 2.2467
1.4981 2.24627 2.24431
1.49793 2.24572 2.24379
1.49836 2.247 2.24507
1.49868 2.24795 2.24604
1.49848 2.24734 2.24545
1.49842 2.24712 2.24526
1.49792 2.24562 2.24377
1.49809 2.2461 2.24426
1.49867 2.24786 2.24601
1.49845 2.24718 2.24535
1.49828 2.24665 2.24485
1.49813 2.24617 2.24439
1.498 2.24577 2.244
1.49805 2.2459 2.24416
1.49832 2.2467 2.24497
1.49783 2.24522 2.24348
1.49866 2.24777 2.24599
1.49833 2.24676 2.24499
1.49893 2.24856 2.24678
1.49889 2.24844 2.24668
1.50022 2.25258 2.25067
1.49943 2.25023 2.24828
1.49878 2.24832 2.24635
1.49848 2.24738 2.24543
1.49827 2.24675 2.24481
1.49854 2.24756 2.24563
1.49831 2.24684 2.24493
