1.47752 2.18307 2.18307
1.52211 2.31879 2.31681
1.52576 2.32929 2.32794
1.51287 2.29027 2.28876
1.50694 2.27222 2.27087
1.52281 2.32133 2.31895
1.52493 2.3275 2.32543
1.52551 2.32901 2.32719
1.51763 2.30532 2.30321
1.51623 2.30087 2.29896
1.52057 2.31408 2.31215
1.51072 2.28511 2.28227
1.51368 2.29396 2.29123
1.51593 2.30065 2.29805
1.51285 2.29126 2.2887
1.51005 2.28278 2.28026
1.50887 2.27907 2.27669
1.50662 2.27225 2.2699
1.50395 2.26421 2.26187
1.50143 2.25664 2.25429
1.5012 2.25585 2.25361
1.50157 2.25685 2.25471
1.49843 2.24756 2.24529
1.49778 2.24552 2.24334
1.49661 2.24196 2.23983
1.49857 2.24786 2.24572
1.49628 2.24106 2.23887
1.49852 2.24781 2.24556
1.4968 2.24268 2.24042
1.49639 2.24137 2.23919
1.49514 2.23759 2.23543
1.49631 2.24107 2.23893
1.49665 2.24203 2.23995
1.49582 2.23952 2.23748
1.49666 2.242 2.23999
1.49764 2.24492 2.24294
1.49869 2.24803 2.24606
1.50127 2.25596 2.2538
1.50208 2.25838 2.25624
1.50329 2.26203 2.2599
1.50344 2.26242 2.26033
1.50432 2.26503 2.26296
1.50662 2.27216 2.26992
1.5046 2.26618 2.26381
1.50344 2.26272 2.26034
1.50254 2.25998 2.25762
1.50269 2.26038 2.25807
1.50301 2.2613 2.25903
1.50226 2.25902 2.25677
1.50164 2.25716 2.25493
1.50227 2.259 2.2568
1.50275 2.26043 2.25826
1.50232 2.25912 2.25698
1.50373 2.26341 2.26121
1.50135 2.25651 2.25404
1.50134 2.25644 2.25402
1.49988 2.25215 2.24965
1.49858 2.24831 2.24576
1.49755 2.24523 2.24266
1.49669 2.24264 2.24007
1.497 2.24356 2.24102
1.49616 2.24104 2.2385
1.49517 2.23808 2.23552
1.4951 2.23786 2.23534
1.49557 2.23922 2.23673
1.49699 2.24356 2.24097
1.49717 2.24407 2.24152
1.49733 2.24451 2.242
1.49745 2.24483 2.24234
1.49693 2.24328 2.24081
1.4978 2.2459 2.24342
1.49688 2.24317 2.24066
1.49811 2.24693 2.24435
1.49774 2.2458 2.24324
1.49761 2.24536 2.24283
1.49761 2.24533 2.24284
1.49748 2.24491 2.24245
1.49736 2.24451 2.24208
1.4976 2.24521 2.24281
1.49715 2.24384 2.24145
1.49716 2.24384 2.24148
1.49784 2.24589 2.24353
1.49774 2.24555 2.24321
1.49859 2.24813 2.24576
1.49959 2.25121 2.24878
1.50102 2.25564 2.25307
1.50162 2.25745 2.25487
1.50162 2.2574 2.25486
1.5014 2.25674 2.25421
1.50108 2.25574 2.25324
1.50167 2.25754 2.25503
1.50127 2.25632 2.25382
1.50138 2.25663 2.25416
1.50127 2.25626 2.25381
1.50052 2.25403 2.25156
1.50074 2.25468 2.25223
1.50118 2.256 2.25356
1.50063 2.25433 2.25188
1.50024 2.25316 2.25072
1.50053 2.254 2.25158
