4.93035 24.3084 24.3084
5.00429 25.0484 25.0429
5.05597 25.5718 25.5628
5.02614 25.2715 25.2621
4.99898 25.0003 24.9898
5.03108 25.3256 25.3117
5.0234 25.2468 25.2346
5.01387 25.1502 25.1389
5.01259 25.1361 25.126
5.01241 25.1334 25.1243
5.01132 25.1216 25.1133
4.99778 24.9874 24.9778
4.97749 24.7893 24.7754
4.97286 24.7425 24.7294
4.98022 24.8156 24.8026
4.98058 24.8183 24.8061
4.97023 24.7164 24.7032
4.97731 24.7869 24.7736
4.97502 24.7635 24.7508
4.98123 24.8254 24.8126
4.98069 24.8194 24.8072
4.9839 24.8511 24.8393
4.97992 24.8113 24.7996
4.98223 24.8339 24.8226
4.98195 24.8307 24.8198
4.98299 24.8407 24.8302
4.98414 24.8518 24.8417
4.99075 24.9185 24.9076
4.99407 24.9516 24.9407
4.99397 24.9502 24.9397
4.99427 24.9529 24.9428
4.99418 24.9517 24.9419
4.9923 24.9327 24.923
4.99485 24.9581 24.9485
4.99657 24.9752 24.9657
5.00097 25.0196 25.0097
5.00438 25.0538 25.0438
5.00679 25.0779 25.0679
5.00642 25.0739 25.0642
5.00879 25.0976 25.0879
5.00829 25.0924 25.083
5.00699 25.0793 25.07
5.00709 25.08 25.071
5.00727 25.0816 25.0727
5.00472 25.0562 25.0472
5.00416 25.0504 25.0416
5.00616 25.0704 25.0616
5.00524 25.061 25.0524
5.0021 25.03 25.021
5.0041 25.0499 25.041
5.00516 25.0605 25.0516
5.00558 25.0645 25.0558
5.00561 25.0647 25.0562
5.00772 25.0858 25.0773
5.00941 25.1028 25.0942
5.00998 25.1083 25.0999
5.01247 25.1335 25.1249
5.00958 25.1049 25.0959
5.0103 25.112 25.1031
5.01229 25.132 25.1231
5.01111 25.1201 25.1112
5.01144 25.1233 25.1145
5.01081 25.1168 25.1082
5.00991 25.1077 25.0992
5.00614 25.0707 25.0614
5.00685 25.0777 25.0685
5.00815 25.0907 25.0815
5.00909 25.1001 25.091
5.00742 25.0834 25.0742
5.00653 25.0744 25.0653
5.00447 25.054 25.0447
5.0019 25.0286 25.019
4.99948 25.0047 24.9948
4.99969 25.0066 24.9969
4.99976 25.0072 24.9976
4.99916 25.0012 24.9916
4.99889 24.9983 24.9889
4.99906 24.9999 24.9906
4.99777 24.987 24.9777
4.99634 24.9728 24.9634
4.99556 24.9649 24.9556
4.9947 24.9562 24.947
4.99295 24.9389 24.9295
4.99404 24.9498 24.9405
4.99524 24.9618 24.9525
4.99651 24.9745 24.9651
4.99786 24.9881 24.9787
4.99938 25.0033 24.9938
4.99915 25.0009 24.9915
4.99934 25.0027 24.9934
4.99888 24.998 24.9888
4.99917 25.0008 24.9917
5.00029 25.012 25.0029
4.99903 24.9995 24.9903
4.99943 25.0034 24.9943
4.99828 24.992 24.9828
4.99824 24.9915 24.9824
4.9974 24.9831 24.974
4.998 24.989 24.98
4.99678 24.9769 24.9679
